<?xml version="1.0" encoding="UTF-8"?>
<testng-results ignored="0" total="1" passed="1" failed="0" skipped="0">
  <reporter-output>
  </reporter-output>
  <suite started-at="2019-09-15T04:18:10Z" name="Default suite" finished-at="2019-09-15T04:18:15Z" duration-ms="4574">
    <groups>
    </groups>
    <test started-at="2019-09-15T04:18:10Z" name="Default test" finished-at="2019-09-15T04:18:15Z" duration-ms="4574">
      <class name="restAssuredTests.PostRequestTest">
        <test-method is-config="true" signature="postData()[pri:0, instance:restAssuredTests.PostRequestTest@55a1c291]" started-at="2019-09-15T04:18:10Z" name="postData" finished-at="2019-09-15T04:18:10Z" duration-ms="25" status="PASS">
          <reporter-output>
          </reporter-output>
        </test-method> <!-- postData -->
        <test-method signature="testPost()[pri:0, instance:restAssuredTests.PostRequestTest@55a1c291]" started-at="2019-09-15T04:18:11Z" name="testPost" finished-at="2019-09-15T04:18:15Z" duration-ms="4456" status="PASS">
          <reporter-output>
          </reporter-output>
        </test-method> <!-- testPost -->
      </class> <!-- restAssuredTests.PostRequestTest -->
    </test> <!-- Default test -->
  </suite> <!-- Default suite -->
</testng-results>
